[2022-11-10 06:05:10,354] INFO  [42676 - main - {org.springframework.boot.StartupInfoLogger => logStarting, %PARSER_ERROR[l]}] com.service.product.ProductApplication : Starting ProductApplication using Java 11.0.13 on DESKTOP-GK5I9BP with PID 42676 (D:\study\practice\assignment\product\target\classes started by apdh1 in D:\study\practice\assignment\product)
[2022-11-10 06:05:10,357] INFO  [42676 - main - {org.springframework.boot.SpringApplication => logStartupProfileInfo, %PARSER_ERROR[l]}] com.service.product.ProductApplication : No active profile set, falling back to 1 default profile: "default"
[2022-11-10 06:05:10,962] INFO  [42676 - main - {org.springframework.data.repository.config.RepositoryConfigurationDelegate => multipleStoresDetected, %PARSER_ERROR[l]}] org.springframework.data.repository.config.RepositoryConfigurationDelegate : Multiple Spring Data modules found, entering strict repository configuration mode
[2022-11-10 06:05:10,963] INFO  [42676 - main - {org.springframework.data.repository.config.RepositoryConfigurationDelegate => registerRepositoriesIn, %PARSER_ERROR[l]}] org.springframework.data.repository.config.RepositoryConfigurationDelegate : Bootstrapping Spring Data JDBC repositories in DEFAULT mode.
[2022-11-10 06:05:10,989] INFO  [42676 - main - {org.springframework.data.repository.config.RepositoryConfigurationExtensionSupport => isStrictRepositoryCandidate, %PARSER_ERROR[l]}] org.springframework.data.repository.config.RepositoryConfigurationExtensionSupport : Spring Data JDBC - Could not safely identify store assignment for repository candidate interface com.service.product.repository.ProductRepository; If you want this repository to be a JDBC repository, consider annotating your entities with one of these annotations: org.springframework.data.relational.core.mapping.Table.
[2022-11-10 06:05:10,991] INFO  [42676 - main - {org.springframework.data.repository.config.RepositoryConfigurationDelegate => registerRepositoriesIn, %PARSER_ERROR[l]}] org.springframework.data.repository.config.RepositoryConfigurationDelegate : Finished Spring Data repository scanning in 24 ms. Found 0 JDBC repository interfaces.
[2022-11-10 06:05:10,997] INFO  [42676 - main - {org.springframework.data.repository.config.RepositoryConfigurationDelegate => multipleStoresDetected, %PARSER_ERROR[l]}] org.springframework.data.repository.config.RepositoryConfigurationDelegate : Multiple Spring Data modules found, entering strict repository configuration mode
[2022-11-10 06:05:10,997] INFO  [42676 - main - {org.springframework.data.repository.config.RepositoryConfigurationDelegate => registerRepositoriesIn, %PARSER_ERROR[l]}] org.springframework.data.repository.config.RepositoryConfigurationDelegate : Bootstrapping Spring Data JPA repositories in DEFAULT mode.
[2022-11-10 06:05:11,050] INFO  [42676 - main - {org.springframework.data.repository.config.RepositoryConfigurationDelegate => registerRepositoriesIn, %PARSER_ERROR[l]}] org.springframework.data.repository.config.RepositoryConfigurationDelegate : Finished Spring Data repository scanning in 49 ms. Found 1 JPA repository interfaces.
[2022-11-10 06:05:11,061] INFO  [42676 - main - {org.springframework.data.repository.config.RepositoryConfigurationDelegate => multipleStoresDetected, %PARSER_ERROR[l]}] org.springframework.data.repository.config.RepositoryConfigurationDelegate : Multiple Spring Data modules found, entering strict repository configuration mode
[2022-11-10 06:05:11,062] INFO  [42676 - main - {org.springframework.data.repository.config.RepositoryConfigurationDelegate => registerRepositoriesIn, %PARSER_ERROR[l]}] org.springframework.data.repository.config.RepositoryConfigurationDelegate : Bootstrapping Spring Data Redis repositories in DEFAULT mode.
[2022-11-10 06:05:11,077] INFO  [42676 - main - {org.springframework.data.repository.config.RepositoryConfigurationExtensionSupport => isStrictRepositoryCandidate, %PARSER_ERROR[l]}] org.springframework.data.repository.config.RepositoryConfigurationExtensionSupport : Spring Data Redis - Could not safely identify store assignment for repository candidate interface com.service.product.repository.ProductRepository; If you want this repository to be a Redis repository, consider annotating your entities with one of these annotations: org.springframework.data.redis.core.RedisHash (preferred), or consider extending one of the following types with your repository: org.springframework.data.keyvalue.repository.KeyValueRepository
[2022-11-10 06:05:11,077] INFO  [42676 - main - {org.springframework.data.repository.config.RepositoryConfigurationDelegate => registerRepositoriesIn, %PARSER_ERROR[l]}] org.springframework.data.repository.config.RepositoryConfigurationDelegate : Finished Spring Data repository scanning in 4 ms. Found 0 Redis repository interfaces.
[2022-11-10 06:05:11,320] INFO  [42676 - main - {org.springframework.context.support.PostProcessorRegistrationDelegate$BeanPostProcessorChecker => postProcessAfterInitialization, %PARSER_ERROR[l]}] org.springframework.context.support.PostProcessorRegistrationDelegate$BeanPostProcessorChecker : Bean 'org.springframework.ws.config.annotation.DelegatingWsConfiguration' of type [org.springframework.ws.config.annotation.DelegatingWsConfiguration$$EnhancerBySpringCGLIB$$1f96dbc0] is not eligible for getting processed by all BeanPostProcessors (for example: not eligible for auto-proxying)
[2022-11-10 06:05:11,357] INFO  [42676 - main - {org.springframework.ws.soap.addressing.server.AbstractAddressingEndpointMapping => afterPropertiesSet, %PARSER_ERROR[l]}] org.springframework.ws.soap.addressing.server.AnnotationActionEndpointMapping : Supporting [WS-Addressing August 2004, WS-Addressing 1.0]
[2022-11-10 06:05:11,602] INFO  [42676 - main - {org.springframework.boot.web.embedded.tomcat.TomcatWebServer => initialize, %PARSER_ERROR[l]}] org.springframework.boot.web.embedded.tomcat.TomcatWebServer : Tomcat initialized with port(s): 9001 (http)
[2022-11-10 06:05:11,609] INFO  [42676 - main - {org.apache.juli.logging.DirectJDKLog => log, %PARSER_ERROR[l]}] org.apache.catalina.core.StandardService : Starting service [Tomcat]
[2022-11-10 06:05:11,609] INFO  [42676 - main - {org.apache.juli.logging.DirectJDKLog => log, %PARSER_ERROR[l]}] org.apache.catalina.core.StandardEngine : Starting Servlet engine: [Apache Tomcat/9.0.68]
[2022-11-10 06:05:11,739] INFO  [42676 - main - {org.apache.juli.logging.DirectJDKLog => log, %PARSER_ERROR[l]}] org.apache.catalina.core.ContainerBase.[Tomcat].[localhost].[/] : Initializing Spring embedded WebApplicationContext
[2022-11-10 06:05:11,739] INFO  [42676 - main - {org.springframework.boot.web.servlet.context.ServletWebServerApplicationContext => prepareWebApplicationContext, %PARSER_ERROR[l]}] org.springframework.boot.web.servlet.context.ServletWebServerApplicationContext : Root WebApplicationContext: initialization completed in 1349 ms
[2022-11-10 06:05:11,852] INFO  [42676 - main - {org.hibernate.jpa.internal.util.LogHelper => logPersistenceUnitInformation, %PARSER_ERROR[l]}] org.hibernate.jpa.internal.util.LogHelper : HHH000204: Processing PersistenceUnitInfo [name: default]
[2022-11-10 06:05:11,884] INFO  [42676 - main - {org.hibernate.Version => logVersion, %PARSER_ERROR[l]}] org.hibernate.Version : HHH000412: Hibernate ORM core version 5.6.12.Final
[2022-11-10 06:05:11,990] INFO  [42676 - main - {org.hibernate.annotations.common.reflection.java.JavaReflectionManager => <clinit>, %PARSER_ERROR[l]}] org.hibernate.annotations.common.Version : HCANN000001: Hibernate Commons Annotations {5.1.2.Final}
[2022-11-10 06:05:12,055] INFO  [42676 - main - {com.zaxxer.hikari.HikariDataSource => getConnection, %PARSER_ERROR[l]}] com.zaxxer.hikari.HikariDataSource : HikariPool-1 - Starting...
[2022-11-10 06:05:12,122] INFO  [42676 - main - {com.zaxxer.hikari.HikariDataSource => getConnection, %PARSER_ERROR[l]}] com.zaxxer.hikari.HikariDataSource : HikariPool-1 - Start completed.
[2022-11-10 06:05:12,132] INFO  [42676 - main - {org.hibernate.dialect.Dialect => <init>, %PARSER_ERROR[l]}] org.hibernate.dialect.Dialect : HHH000400: Using dialect: org.hibernate.dialect.MariaDB103Dialect
[2022-11-10 06:05:12,636] INFO  [42676 - main - {org.hibernate.engine.transaction.jta.platform.internal.JtaPlatformInitiator => initiateService, %PARSER_ERROR[l]}] org.hibernate.engine.transaction.jta.platform.internal.JtaPlatformInitiator : HHH000490: Using JtaPlatform implementation: [org.hibernate.engine.transaction.jta.platform.internal.NoJtaPlatform]
[2022-11-10 06:05:12,642] INFO  [42676 - main - {org.springframework.orm.jpa.AbstractEntityManagerFactoryBean => buildNativeEntityManagerFactory, %PARSER_ERROR[l]}] org.springframework.orm.jpa.LocalContainerEntityManagerFactoryBean : Initialized JPA EntityManagerFactory for persistence unit 'default'
[2022-11-10 06:05:12,789] INFO  [42676 - main - {org.redisson.Version => logVersion, %PARSER_ERROR[l]}] org.redisson.Version : Redisson 3.17.7
[2022-11-10 06:05:16,749] INFO  [42676 - redisson-netty-2-6 - {org.redisson.connection.pool.ConnectionPool => lambda$createConnection$1, %PARSER_ERROR[l]}] org.redisson.connection.pool.MasterPubSubConnectionPool : 1 connections initialized for localhost/127.0.0.1:6379
[2022-11-10 06:05:16,812] INFO  [42676 - redisson-netty-2-19 - {org.redisson.connection.pool.ConnectionPool => lambda$createConnection$1, %PARSER_ERROR[l]}] org.redisson.connection.pool.MasterConnectionPool : 24 connections initialized for localhost/127.0.0.1:6379
[2022-11-10 06:05:17,389] WARN  [42676 - main - {org.springframework.boot.autoconfigure.thymeleaf.ThymeleafAutoConfiguration$DefaultTemplateResolverConfiguration => checkTemplateLocationExists, %PARSER_ERROR[l]}] org.springframework.boot.autoconfigure.thymeleaf.ThymeleafAutoConfiguration$DefaultTemplateResolverConfiguration : Cannot find template location: classpath:/templates/ (please add some templates, check your Thymeleaf configuration, or set spring.thymeleaf.check-template-location=false)
[2022-11-10 06:05:17,744] INFO  [42676 - main - {org.springframework.boot.web.embedded.tomcat.TomcatWebServer => start, %PARSER_ERROR[l]}] org.springframework.boot.web.embedded.tomcat.TomcatWebServer : Tomcat started on port(s): 9001 (http) with context path ''
[2022-11-10 06:05:17,755] INFO  [42676 - main - {org.springframework.boot.StartupInfoLogger => logStarted, %PARSER_ERROR[l]}] com.service.product.ProductApplication : Started ProductApplication in 7.721 seconds (JVM running for 11.105)
[2022-11-10 06:19:52,344] INFO  [42676 - http-nio-9001-exec-1 - {org.apache.juli.logging.DirectJDKLog => log, %PARSER_ERROR[l]}] org.apache.catalina.core.ContainerBase.[Tomcat].[localhost].[/] : Initializing Spring DispatcherServlet 'dispatcherServlet'
[2022-11-10 06:19:52,345] INFO  [42676 - http-nio-9001-exec-1 - {org.springframework.web.servlet.FrameworkServlet => initServletBean, %PARSER_ERROR[l]}] org.springframework.web.servlet.DispatcherServlet : Initializing Servlet 'dispatcherServlet'
[2022-11-10 06:19:52,346] INFO  [42676 - http-nio-9001-exec-1 - {org.springframework.web.servlet.FrameworkServlet => initServletBean, %PARSER_ERROR[l]}] org.springframework.web.servlet.DispatcherServlet : Completed initialization in 1 ms
[2022-11-10 06:20:49,556] ERROR [42676 - http-nio-9001-exec-1 - {com.service.product.error.advice.ExceptionAdvice => exceptionHandler, %PARSER_ERROR[l]}] com.service.product.error.advice.ExceptionAdvice : [order-exceptionHandler] Exception occurred 
[2022-11-10 06:21:42,135] ERROR [42676 - http-nio-9001-exec-2 - {com.service.product.error.advice.ExceptionAdvice => exceptionHandler, %PARSER_ERROR[l]}] com.service.product.error.advice.ExceptionAdvice : [order-exceptionHandler] Exception occurred 
[2022-11-10 06:22:43,591] WARN  [42676 - HikariPool-1 housekeeper - {com.zaxxer.hikari.pool.HikariPool$HouseKeeper => run, %PARSER_ERROR[l]}] com.zaxxer.hikari.pool.HikariPool : HikariPool-1 - Thread starvation or clock leap detected (housekeeper delta=52s224ms247µs100ns).
[2022-11-10 06:23:32,076] WARN  [42676 - HikariPool-1 housekeeper - {com.zaxxer.hikari.pool.HikariPool$HouseKeeper => run, %PARSER_ERROR[l]}] com.zaxxer.hikari.pool.HikariPool : HikariPool-1 - Thread starvation or clock leap detected (housekeeper delta=48s485ms567µs300ns).
[2022-11-10 06:23:39,477] ERROR [42676 - http-nio-9001-exec-3 - {com.service.product.error.advice.ExceptionAdvice => exceptionHandler, %PARSER_ERROR[l]}] com.service.product.error.advice.ExceptionAdvice : [order-exceptionHandler] Exception occurred 
[2022-11-10 06:24:54,986] ERROR [42676 - http-nio-9001-exec-4 - {com.service.product.error.advice.ExceptionAdvice => exceptionHandler, %PARSER_ERROR[l]}] com.service.product.error.advice.ExceptionAdvice : [order-exceptionHandler] Exception occurred 
[2022-11-10 06:36:47,378] ERROR [42676 - http-nio-9001-exec-5 - {com.service.product.error.advice.ExceptionAdvice => exceptionHandler, %PARSER_ERROR[l]}] com.service.product.error.advice.ExceptionAdvice : [order-exceptionHandler] Exception occurred 
[2022-11-10 06:52:54,284] ERROR [42676 - http-nio-9001-exec-6 - {com.service.product.error.advice.ExceptionAdvice => exceptionHandler, %PARSER_ERROR[l]}] com.service.product.error.advice.ExceptionAdvice : [order-exceptionHandler] Exception occurred 
[2022-11-10 07:00:33,230] ERROR [42676 - http-nio-9001-exec-7 - {com.service.product.error.advice.ExceptionAdvice => exceptionHandler, %PARSER_ERROR[l]}] com.service.product.error.advice.ExceptionAdvice : [order-exceptionHandler] Exception occurred 
[2022-11-10 07:02:59,190] INFO  [42676 - SpringApplicationShutdownHook - {org.springframework.orm.jpa.AbstractEntityManagerFactoryBean => destroy, %PARSER_ERROR[l]}] org.springframework.orm.jpa.LocalContainerEntityManagerFactoryBean : Closing JPA EntityManagerFactory for persistence unit 'default'
[2022-11-10 07:02:59,192] INFO  [42676 - SpringApplicationShutdownHook - {org.hibernate.tool.schema.internal.SchemaDropperImpl$DelayedDropActionImpl => perform, %PARSER_ERROR[l]}] org.hibernate.tool.schema.internal.SchemaDropperImpl$DelayedDropActionImpl : HHH000477: Starting delayed evictData of schema as part of SessionFactory shut-down'
[2022-11-10 07:02:59,219] INFO  [42676 - SpringApplicationShutdownHook - {com.zaxxer.hikari.HikariDataSource => close, %PARSER_ERROR[l]}] com.zaxxer.hikari.HikariDataSource : HikariPool-1 - Shutdown initiated...
[2022-11-10 07:02:59,229] INFO  [42676 - SpringApplicationShutdownHook - {com.zaxxer.hikari.HikariDataSource => close, %PARSER_ERROR[l]}] com.zaxxer.hikari.HikariDataSource : HikariPool-1 - Shutdown completed.
[2022-11-10 07:03:08,493] INFO  [30728 - main - {org.springframework.boot.StartupInfoLogger => logStarting, %PARSER_ERROR[l]}] com.service.product.ProductApplication : Starting ProductApplication using Java 11.0.13 on DESKTOP-GK5I9BP with PID 30728 (D:\study\practice\assignment\product\target\classes started by apdh1 in D:\study\practice\assignment\product)
[2022-11-10 07:03:08,497] INFO  [30728 - main - {org.springframework.boot.SpringApplication => logStartupProfileInfo, %PARSER_ERROR[l]}] com.service.product.ProductApplication : No active profile set, falling back to 1 default profile: "default"
[2022-11-10 07:03:09,138] INFO  [30728 - main - {org.springframework.data.repository.config.RepositoryConfigurationDelegate => multipleStoresDetected, %PARSER_ERROR[l]}] org.springframework.data.repository.config.RepositoryConfigurationDelegate : Multiple Spring Data modules found, entering strict repository configuration mode
[2022-11-10 07:03:09,139] INFO  [30728 - main - {org.springframework.data.repository.config.RepositoryConfigurationDelegate => registerRepositoriesIn, %PARSER_ERROR[l]}] org.springframework.data.repository.config.RepositoryConfigurationDelegate : Bootstrapping Spring Data JDBC repositories in DEFAULT mode.
[2022-11-10 07:03:09,166] INFO  [30728 - main - {org.springframework.data.repository.config.RepositoryConfigurationExtensionSupport => isStrictRepositoryCandidate, %PARSER_ERROR[l]}] org.springframework.data.repository.config.RepositoryConfigurationExtensionSupport : Spring Data JDBC - Could not safely identify store assignment for repository candidate interface com.service.product.repository.ProductRepository; If you want this repository to be a JDBC repository, consider annotating your entities with one of these annotations: org.springframework.data.relational.core.mapping.Table.
[2022-11-10 07:03:09,167] INFO  [30728 - main - {org.springframework.data.repository.config.RepositoryConfigurationDelegate => registerRepositoriesIn, %PARSER_ERROR[l]}] org.springframework.data.repository.config.RepositoryConfigurationDelegate : Finished Spring Data repository scanning in 23 ms. Found 0 JDBC repository interfaces.
[2022-11-10 07:03:09,174] INFO  [30728 - main - {org.springframework.data.repository.config.RepositoryConfigurationDelegate => multipleStoresDetected, %PARSER_ERROR[l]}] org.springframework.data.repository.config.RepositoryConfigurationDelegate : Multiple Spring Data modules found, entering strict repository configuration mode
[2022-11-10 07:03:09,174] INFO  [30728 - main - {org.springframework.data.repository.config.RepositoryConfigurationDelegate => registerRepositoriesIn, %PARSER_ERROR[l]}] org.springframework.data.repository.config.RepositoryConfigurationDelegate : Bootstrapping Spring Data JPA repositories in DEFAULT mode.
[2022-11-10 07:03:09,230] INFO  [30728 - main - {org.springframework.data.repository.config.RepositoryConfigurationDelegate => registerRepositoriesIn, %PARSER_ERROR[l]}] org.springframework.data.repository.config.RepositoryConfigurationDelegate : Finished Spring Data repository scanning in 53 ms. Found 1 JPA repository interfaces.
[2022-11-10 07:03:09,241] INFO  [30728 - main - {org.springframework.data.repository.config.RepositoryConfigurationDelegate => multipleStoresDetected, %PARSER_ERROR[l]}] org.springframework.data.repository.config.RepositoryConfigurationDelegate : Multiple Spring Data modules found, entering strict repository configuration mode
[2022-11-10 07:03:09,243] INFO  [30728 - main - {org.springframework.data.repository.config.RepositoryConfigurationDelegate => registerRepositoriesIn, %PARSER_ERROR[l]}] org.springframework.data.repository.config.RepositoryConfigurationDelegate : Bootstrapping Spring Data Redis repositories in DEFAULT mode.
[2022-11-10 07:03:09,255] INFO  [30728 - main - {org.springframework.data.repository.config.RepositoryConfigurationExtensionSupport => isStrictRepositoryCandidate, %PARSER_ERROR[l]}] org.springframework.data.repository.config.RepositoryConfigurationExtensionSupport : Spring Data Redis - Could not safely identify store assignment for repository candidate interface com.service.product.repository.ProductRepository; If you want this repository to be a Redis repository, consider annotating your entities with one of these annotations: org.springframework.data.redis.core.RedisHash (preferred), or consider extending one of the following types with your repository: org.springframework.data.keyvalue.repository.KeyValueRepository
[2022-11-10 07:03:09,255] INFO  [30728 - main - {org.springframework.data.repository.config.RepositoryConfigurationDelegate => registerRepositoriesIn, %PARSER_ERROR[l]}] org.springframework.data.repository.config.RepositoryConfigurationDelegate : Finished Spring Data repository scanning in 5 ms. Found 0 Redis repository interfaces.
[2022-11-10 07:03:09,520] INFO  [30728 - main - {org.springframework.context.support.PostProcessorRegistrationDelegate$BeanPostProcessorChecker => postProcessAfterInitialization, %PARSER_ERROR[l]}] org.springframework.context.support.PostProcessorRegistrationDelegate$BeanPostProcessorChecker : Bean 'org.springframework.ws.config.annotation.DelegatingWsConfiguration' of type [org.springframework.ws.config.annotation.DelegatingWsConfiguration$$EnhancerBySpringCGLIB$$55cace49] is not eligible for getting processed by all BeanPostProcessors (for example: not eligible for auto-proxying)
[2022-11-10 07:03:09,564] INFO  [30728 - main - {org.springframework.ws.soap.addressing.server.AbstractAddressingEndpointMapping => afterPropertiesSet, %PARSER_ERROR[l]}] org.springframework.ws.soap.addressing.server.AnnotationActionEndpointMapping : Supporting [WS-Addressing August 2004, WS-Addressing 1.0]
[2022-11-10 07:03:09,868] INFO  [30728 - main - {org.springframework.boot.web.embedded.tomcat.TomcatWebServer => initialize, %PARSER_ERROR[l]}] org.springframework.boot.web.embedded.tomcat.TomcatWebServer : Tomcat initialized with port(s): 9001 (http)
[2022-11-10 07:03:09,877] INFO  [30728 - main - {org.apache.juli.logging.DirectJDKLog => log, %PARSER_ERROR[l]}] org.apache.catalina.core.StandardService : Starting service [Tomcat]
[2022-11-10 07:03:09,877] INFO  [30728 - main - {org.apache.juli.logging.DirectJDKLog => log, %PARSER_ERROR[l]}] org.apache.catalina.core.StandardEngine : Starting Servlet engine: [Apache Tomcat/9.0.68]
[2022-11-10 07:03:10,031] INFO  [30728 - main - {org.apache.juli.logging.DirectJDKLog => log, %PARSER_ERROR[l]}] org.apache.catalina.core.ContainerBase.[Tomcat].[localhost].[/] : Initializing Spring embedded WebApplicationContext
[2022-11-10 07:03:10,032] INFO  [30728 - main - {org.springframework.boot.web.servlet.context.ServletWebServerApplicationContext => prepareWebApplicationContext, %PARSER_ERROR[l]}] org.springframework.boot.web.servlet.context.ServletWebServerApplicationContext : Root WebApplicationContext: initialization completed in 1498 ms
[2022-11-10 07:03:10,161] INFO  [30728 - main - {org.hibernate.jpa.internal.util.LogHelper => logPersistenceUnitInformation, %PARSER_ERROR[l]}] org.hibernate.jpa.internal.util.LogHelper : HHH000204: Processing PersistenceUnitInfo [name: default]
[2022-11-10 07:03:10,196] INFO  [30728 - main - {org.hibernate.Version => logVersion, %PARSER_ERROR[l]}] org.hibernate.Version : HHH000412: Hibernate ORM core version 5.6.12.Final
[2022-11-10 07:03:10,318] INFO  [30728 - main - {org.hibernate.annotations.common.reflection.java.JavaReflectionManager => <clinit>, %PARSER_ERROR[l]}] org.hibernate.annotations.common.Version : HCANN000001: Hibernate Commons Annotations {5.1.2.Final}
[2022-11-10 07:03:10,402] INFO  [30728 - main - {com.zaxxer.hikari.HikariDataSource => getConnection, %PARSER_ERROR[l]}] com.zaxxer.hikari.HikariDataSource : HikariPool-1 - Starting...
[2022-11-10 07:03:10,462] INFO  [30728 - main - {com.zaxxer.hikari.HikariDataSource => getConnection, %PARSER_ERROR[l]}] com.zaxxer.hikari.HikariDataSource : HikariPool-1 - Start completed.
[2022-11-10 07:03:10,473] INFO  [30728 - main - {org.hibernate.dialect.Dialect => <init>, %PARSER_ERROR[l]}] org.hibernate.dialect.Dialect : HHH000400: Using dialect: org.hibernate.dialect.MariaDB103Dialect
[2022-11-10 07:03:10,979] INFO  [30728 - main - {org.hibernate.engine.transaction.jta.platform.internal.JtaPlatformInitiator => initiateService, %PARSER_ERROR[l]}] org.hibernate.engine.transaction.jta.platform.internal.JtaPlatformInitiator : HHH000490: Using JtaPlatform implementation: [org.hibernate.engine.transaction.jta.platform.internal.NoJtaPlatform]
[2022-11-10 07:03:10,985] INFO  [30728 - main - {org.springframework.orm.jpa.AbstractEntityManagerFactoryBean => buildNativeEntityManagerFactory, %PARSER_ERROR[l]}] org.springframework.orm.jpa.LocalContainerEntityManagerFactoryBean : Initialized JPA EntityManagerFactory for persistence unit 'default'
[2022-11-10 07:03:11,147] INFO  [30728 - main - {org.redisson.Version => logVersion, %PARSER_ERROR[l]}] org.redisson.Version : Redisson 3.17.7
[2022-11-10 07:03:15,449] INFO  [30728 - redisson-netty-2-6 - {org.redisson.connection.pool.ConnectionPool => lambda$createConnection$1, %PARSER_ERROR[l]}] org.redisson.connection.pool.MasterPubSubConnectionPool : 1 connections initialized for localhost/127.0.0.1:6379
[2022-11-10 07:03:15,533] INFO  [30728 - redisson-netty-2-19 - {org.redisson.connection.pool.ConnectionPool => lambda$createConnection$1, %PARSER_ERROR[l]}] org.redisson.connection.pool.MasterConnectionPool : 24 connections initialized for localhost/127.0.0.1:6379
[2022-11-10 07:03:16,225] WARN  [30728 - main - {org.springframework.boot.autoconfigure.thymeleaf.ThymeleafAutoConfiguration$DefaultTemplateResolverConfiguration => checkTemplateLocationExists, %PARSER_ERROR[l]}] org.springframework.boot.autoconfigure.thymeleaf.ThymeleafAutoConfiguration$DefaultTemplateResolverConfiguration : Cannot find template location: classpath:/templates/ (please add some templates, check your Thymeleaf configuration, or set spring.thymeleaf.check-template-location=false)
[2022-11-10 07:03:16,687] INFO  [30728 - main - {org.springframework.boot.web.embedded.tomcat.TomcatWebServer => start, %PARSER_ERROR[l]}] org.springframework.boot.web.embedded.tomcat.TomcatWebServer : Tomcat started on port(s): 9001 (http) with context path ''
[2022-11-10 07:03:16,699] INFO  [30728 - main - {org.springframework.boot.StartupInfoLogger => logStarted, %PARSER_ERROR[l]}] com.service.product.ProductApplication : Started ProductApplication in 8.623 seconds (JVM running for 11.108)
[2022-11-10 07:03:21,854] INFO  [30728 - http-nio-9001-exec-2 - {org.apache.juli.logging.DirectJDKLog => log, %PARSER_ERROR[l]}] org.apache.catalina.core.ContainerBase.[Tomcat].[localhost].[/] : Initializing Spring DispatcherServlet 'dispatcherServlet'
[2022-11-10 07:03:21,855] INFO  [30728 - http-nio-9001-exec-2 - {org.springframework.web.servlet.FrameworkServlet => initServletBean, %PARSER_ERROR[l]}] org.springframework.web.servlet.DispatcherServlet : Initializing Servlet 'dispatcherServlet'
[2022-11-10 07:03:21,855] INFO  [30728 - http-nio-9001-exec-2 - {org.springframework.web.servlet.FrameworkServlet => initServletBean, %PARSER_ERROR[l]}] org.springframework.web.servlet.DispatcherServlet : Completed initialization in 0 ms
[2022-11-10 07:03:28,681] ERROR [30728 - http-nio-9001-exec-2 - {com.service.product.error.advice.ExceptionAdvice => exceptionHandler, %PARSER_ERROR[l]}] com.service.product.error.advice.ExceptionAdvice : [order-exceptionHandler] Exception occurred 
[2022-11-10 07:07:01,827] ERROR [30728 - http-nio-9001-exec-1 - {com.service.product.error.advice.ExceptionAdvice => exceptionHandler, %PARSER_ERROR[l]}] com.service.product.error.advice.ExceptionAdvice : [order-exceptionHandler] Exception occurred 
[2022-11-10 07:18:34,117] ERROR [30728 - http-nio-9001-exec-3 - {com.service.product.error.advice.ExceptionAdvice => exceptionHandler, %PARSER_ERROR[l]}] com.service.product.error.advice.ExceptionAdvice : [order-exceptionHandler] Exception occurred 
[2022-11-10 07:44:11,237] ERROR [30728 - http-nio-9001-exec-1 - {com.service.product.error.advice.ExceptionAdvice => exceptionHandler, %PARSER_ERROR[l]}] com.service.product.error.advice.ExceptionAdvice : [order-exceptionHandler] Exception occurred 
[2022-11-10 08:15:04,795] ERROR [30728 - http-nio-9001-exec-7 - {com.service.product.error.advice.ExceptionAdvice => exceptionHandler, %PARSER_ERROR[l]}] com.service.product.error.advice.ExceptionAdvice : [order-exceptionHandler] Exception occurred 
[2022-11-10 08:15:43,834] ERROR [30728 - http-nio-9001-exec-10 - {com.service.product.error.advice.ExceptionAdvice => exceptionHandler, %PARSER_ERROR[l]}] com.service.product.error.advice.ExceptionAdvice : [order-exceptionHandler] Exception occurred 
[2022-11-10 08:16:02,839] ERROR [30728 - http-nio-9001-exec-2 - {com.service.product.error.advice.ExceptionAdvice => exceptionHandler, %PARSER_ERROR[l]}] com.service.product.error.advice.ExceptionAdvice : [order-exceptionHandler] Exception occurred 
[2022-11-10 08:21:50,421] INFO  [30728 - SpringApplicationShutdownHook - {org.springframework.orm.jpa.AbstractEntityManagerFactoryBean => destroy, %PARSER_ERROR[l]}] org.springframework.orm.jpa.LocalContainerEntityManagerFactoryBean : Closing JPA EntityManagerFactory for persistence unit 'default'
[2022-11-10 08:21:50,422] INFO  [30728 - SpringApplicationShutdownHook - {org.hibernate.tool.schema.internal.SchemaDropperImpl$DelayedDropActionImpl => perform, %PARSER_ERROR[l]}] org.hibernate.tool.schema.internal.SchemaDropperImpl$DelayedDropActionImpl : HHH000477: Starting delayed evictData of schema as part of SessionFactory shut-down'
[2022-11-10 08:21:50,454] INFO  [30728 - SpringApplicationShutdownHook - {com.zaxxer.hikari.HikariDataSource => close, %PARSER_ERROR[l]}] com.zaxxer.hikari.HikariDataSource : HikariPool-1 - Shutdown initiated...
[2022-11-10 08:21:50,466] INFO  [30728 - SpringApplicationShutdownHook - {com.zaxxer.hikari.HikariDataSource => close, %PARSER_ERROR[l]}] com.zaxxer.hikari.HikariDataSource : HikariPool-1 - Shutdown completed.
[2022-11-10 08:21:56,981] INFO  [46692 - main - {org.springframework.boot.StartupInfoLogger => logStarting, %PARSER_ERROR[l]}] com.service.product.ProductApplication : Starting ProductApplication using Java 11.0.13 on DESKTOP-GK5I9BP with PID 46692 (D:\study\practice\assignment\product\target\classes started by apdh1 in D:\study\practice\assignment\product)
[2022-11-10 08:21:56,984] INFO  [46692 - main - {org.springframework.boot.SpringApplication => logStartupProfileInfo, %PARSER_ERROR[l]}] com.service.product.ProductApplication : No active profile set, falling back to 1 default profile: "default"
[2022-11-10 08:21:57,635] INFO  [46692 - main - {org.springframework.data.repository.config.RepositoryConfigurationDelegate => multipleStoresDetected, %PARSER_ERROR[l]}] org.springframework.data.repository.config.RepositoryConfigurationDelegate : Multiple Spring Data modules found, entering strict repository configuration mode
[2022-11-10 08:21:57,636] INFO  [46692 - main - {org.springframework.data.repository.config.RepositoryConfigurationDelegate => registerRepositoriesIn, %PARSER_ERROR[l]}] org.springframework.data.repository.config.RepositoryConfigurationDelegate : Bootstrapping Spring Data JDBC repositories in DEFAULT mode.
[2022-11-10 08:21:57,666] INFO  [46692 - main - {org.springframework.data.repository.config.RepositoryConfigurationExtensionSupport => isStrictRepositoryCandidate, %PARSER_ERROR[l]}] org.springframework.data.repository.config.RepositoryConfigurationExtensionSupport : Spring Data JDBC - Could not safely identify store assignment for repository candidate interface com.service.product.repository.ProductRepository; If you want this repository to be a JDBC repository, consider annotating your entities with one of these annotations: org.springframework.data.relational.core.mapping.Table.
[2022-11-10 08:21:57,667] INFO  [46692 - main - {org.springframework.data.repository.config.RepositoryConfigurationDelegate => registerRepositoriesIn, %PARSER_ERROR[l]}] org.springframework.data.repository.config.RepositoryConfigurationDelegate : Finished Spring Data repository scanning in 26 ms. Found 0 JDBC repository interfaces.
[2022-11-10 08:21:57,675] INFO  [46692 - main - {org.springframework.data.repository.config.RepositoryConfigurationDelegate => multipleStoresDetected, %PARSER_ERROR[l]}] org.springframework.data.repository.config.RepositoryConfigurationDelegate : Multiple Spring Data modules found, entering strict repository configuration mode
[2022-11-10 08:21:57,676] INFO  [46692 - main - {org.springframework.data.repository.config.RepositoryConfigurationDelegate => registerRepositoriesIn, %PARSER_ERROR[l]}] org.springframework.data.repository.config.RepositoryConfigurationDelegate : Bootstrapping Spring Data JPA repositories in DEFAULT mode.
[2022-11-10 08:21:57,726] INFO  [46692 - main - {org.springframework.data.repository.config.RepositoryConfigurationDelegate => registerRepositoriesIn, %PARSER_ERROR[l]}] org.springframework.data.repository.config.RepositoryConfigurationDelegate : Finished Spring Data repository scanning in 48 ms. Found 1 JPA repository interfaces.
[2022-11-10 08:21:57,738] INFO  [46692 - main - {org.springframework.data.repository.config.RepositoryConfigurationDelegate => multipleStoresDetected, %PARSER_ERROR[l]}] org.springframework.data.repository.config.RepositoryConfigurationDelegate : Multiple Spring Data modules found, entering strict repository configuration mode
[2022-11-10 08:21:57,740] INFO  [46692 - main - {org.springframework.data.repository.config.RepositoryConfigurationDelegate => registerRepositoriesIn, %PARSER_ERROR[l]}] org.springframework.data.repository.config.RepositoryConfigurationDelegate : Bootstrapping Spring Data Redis repositories in DEFAULT mode.
[2022-11-10 08:21:57,751] INFO  [46692 - main - {org.springframework.data.repository.config.RepositoryConfigurationExtensionSupport => isStrictRepositoryCandidate, %PARSER_ERROR[l]}] org.springframework.data.repository.config.RepositoryConfigurationExtensionSupport : Spring Data Redis - Could not safely identify store assignment for repository candidate interface com.service.product.repository.ProductRepository; If you want this repository to be a Redis repository, consider annotating your entities with one of these annotations: org.springframework.data.redis.core.RedisHash (preferred), or consider extending one of the following types with your repository: org.springframework.data.keyvalue.repository.KeyValueRepository
[2022-11-10 08:21:57,751] INFO  [46692 - main - {org.springframework.data.repository.config.RepositoryConfigurationDelegate => registerRepositoriesIn, %PARSER_ERROR[l]}] org.springframework.data.repository.config.RepositoryConfigurationDelegate : Finished Spring Data repository scanning in 4 ms. Found 0 Redis repository interfaces.
[2022-11-10 08:21:58,021] INFO  [46692 - main - {org.springframework.context.support.PostProcessorRegistrationDelegate$BeanPostProcessorChecker => postProcessAfterInitialization, %PARSER_ERROR[l]}] org.springframework.context.support.PostProcessorRegistrationDelegate$BeanPostProcessorChecker : Bean 'org.springframework.ws.config.annotation.DelegatingWsConfiguration' of type [org.springframework.ws.config.annotation.DelegatingWsConfiguration$$EnhancerBySpringCGLIB$$6b3309da] is not eligible for getting processed by all BeanPostProcessors (for example: not eligible for auto-proxying)
[2022-11-10 08:21:58,062] INFO  [46692 - main - {org.springframework.ws.soap.addressing.server.AbstractAddressingEndpointMapping => afterPropertiesSet, %PARSER_ERROR[l]}] org.springframework.ws.soap.addressing.server.AnnotationActionEndpointMapping : Supporting [WS-Addressing August 2004, WS-Addressing 1.0]
[2022-11-10 08:21:58,368] INFO  [46692 - main - {org.springframework.boot.web.embedded.tomcat.TomcatWebServer => initialize, %PARSER_ERROR[l]}] org.springframework.boot.web.embedded.tomcat.TomcatWebServer : Tomcat initialized with port(s): 9001 (http)
[2022-11-10 08:21:58,376] INFO  [46692 - main - {org.apache.juli.logging.DirectJDKLog => log, %PARSER_ERROR[l]}] org.apache.catalina.core.StandardService : Starting service [Tomcat]
[2022-11-10 08:21:58,376] INFO  [46692 - main - {org.apache.juli.logging.DirectJDKLog => log, %PARSER_ERROR[l]}] org.apache.catalina.core.StandardEngine : Starting Servlet engine: [Apache Tomcat/9.0.68]
[2022-11-10 08:21:58,505] INFO  [46692 - main - {org.apache.juli.logging.DirectJDKLog => log, %PARSER_ERROR[l]}] org.apache.catalina.core.ContainerBase.[Tomcat].[localhost].[/] : Initializing Spring embedded WebApplicationContext
[2022-11-10 08:21:58,505] INFO  [46692 - main - {org.springframework.boot.web.servlet.context.ServletWebServerApplicationContext => prepareWebApplicationContext, %PARSER_ERROR[l]}] org.springframework.boot.web.servlet.context.ServletWebServerApplicationContext : Root WebApplicationContext: initialization completed in 1491 ms
[2022-11-10 08:21:58,628] INFO  [46692 - main - {org.hibernate.jpa.internal.util.LogHelper => logPersistenceUnitInformation, %PARSER_ERROR[l]}] org.hibernate.jpa.internal.util.LogHelper : HHH000204: Processing PersistenceUnitInfo [name: default]
[2022-11-10 08:21:58,662] INFO  [46692 - main - {org.hibernate.Version => logVersion, %PARSER_ERROR[l]}] org.hibernate.Version : HHH000412: Hibernate ORM core version 5.6.12.Final
[2022-11-10 08:21:58,786] INFO  [46692 - main - {org.hibernate.annotations.common.reflection.java.JavaReflectionManager => <clinit>, %PARSER_ERROR[l]}] org.hibernate.annotations.common.Version : HCANN000001: Hibernate Commons Annotations {5.1.2.Final}
[2022-11-10 08:21:58,863] INFO  [46692 - main - {com.zaxxer.hikari.HikariDataSource => getConnection, %PARSER_ERROR[l]}] com.zaxxer.hikari.HikariDataSource : HikariPool-1 - Starting...
[2022-11-10 08:21:58,913] INFO  [46692 - main - {com.zaxxer.hikari.HikariDataSource => getConnection, %PARSER_ERROR[l]}] com.zaxxer.hikari.HikariDataSource : HikariPool-1 - Start completed.
[2022-11-10 08:21:58,923] INFO  [46692 - main - {org.hibernate.dialect.Dialect => <init>, %PARSER_ERROR[l]}] org.hibernate.dialect.Dialect : HHH000400: Using dialect: org.hibernate.dialect.MariaDB103Dialect
[2022-11-10 08:21:59,383] INFO  [46692 - main - {org.hibernate.engine.transaction.jta.platform.internal.JtaPlatformInitiator => initiateService, %PARSER_ERROR[l]}] org.hibernate.engine.transaction.jta.platform.internal.JtaPlatformInitiator : HHH000490: Using JtaPlatform implementation: [org.hibernate.engine.transaction.jta.platform.internal.NoJtaPlatform]
[2022-11-10 08:21:59,390] INFO  [46692 - main - {org.springframework.orm.jpa.AbstractEntityManagerFactoryBean => buildNativeEntityManagerFactory, %PARSER_ERROR[l]}] org.springframework.orm.jpa.LocalContainerEntityManagerFactoryBean : Initialized JPA EntityManagerFactory for persistence unit 'default'
[2022-11-10 08:21:59,544] INFO  [46692 - main - {org.redisson.Version => logVersion, %PARSER_ERROR[l]}] org.redisson.Version : Redisson 3.17.7
[2022-11-10 08:22:04,342] INFO  [46692 - redisson-netty-2-6 - {org.redisson.connection.pool.ConnectionPool => lambda$createConnection$1, %PARSER_ERROR[l]}] org.redisson.connection.pool.MasterPubSubConnectionPool : 1 connections initialized for localhost/127.0.0.1:6379
[2022-11-10 08:22:04,397] INFO  [46692 - redisson-netty-2-20 - {org.redisson.connection.pool.ConnectionPool => lambda$createConnection$1, %PARSER_ERROR[l]}] org.redisson.connection.pool.MasterConnectionPool : 24 connections initialized for localhost/127.0.0.1:6379
[2022-11-10 08:22:05,029] WARN  [46692 - main - {org.springframework.boot.autoconfigure.thymeleaf.ThymeleafAutoConfiguration$DefaultTemplateResolverConfiguration => checkTemplateLocationExists, %PARSER_ERROR[l]}] org.springframework.boot.autoconfigure.thymeleaf.ThymeleafAutoConfiguration$DefaultTemplateResolverConfiguration : Cannot find template location: classpath:/templates/ (please add some templates, check your Thymeleaf configuration, or set spring.thymeleaf.check-template-location=false)
[2022-11-10 08:22:05,414] INFO  [46692 - main - {org.springframework.boot.web.embedded.tomcat.TomcatWebServer => start, %PARSER_ERROR[l]}] org.springframework.boot.web.embedded.tomcat.TomcatWebServer : Tomcat started on port(s): 9001 (http) with context path ''
[2022-11-10 08:22:05,424] INFO  [46692 - main - {org.springframework.boot.StartupInfoLogger => logStarted, %PARSER_ERROR[l]}] com.service.product.ProductApplication : Started ProductApplication in 8.801 seconds (JVM running for 11.099)
[2022-11-10 08:22:07,121] INFO  [46692 - http-nio-9001-exec-1 - {org.apache.juli.logging.DirectJDKLog => log, %PARSER_ERROR[l]}] org.apache.catalina.core.ContainerBase.[Tomcat].[localhost].[/] : Initializing Spring DispatcherServlet 'dispatcherServlet'
[2022-11-10 08:22:07,122] INFO  [46692 - http-nio-9001-exec-1 - {org.springframework.web.servlet.FrameworkServlet => initServletBean, %PARSER_ERROR[l]}] org.springframework.web.servlet.DispatcherServlet : Initializing Servlet 'dispatcherServlet'
[2022-11-10 08:22:07,123] INFO  [46692 - http-nio-9001-exec-1 - {org.springframework.web.servlet.FrameworkServlet => initServletBean, %PARSER_ERROR[l]}] org.springframework.web.servlet.DispatcherServlet : Completed initialization in 1 ms
[2022-11-10 12:56:22,742] INFO  [46692 - SpringApplicationShutdownHook - {org.springframework.orm.jpa.AbstractEntityManagerFactoryBean => destroy, %PARSER_ERROR[l]}] org.springframework.orm.jpa.LocalContainerEntityManagerFactoryBean : Closing JPA EntityManagerFactory for persistence unit 'default'
[2022-11-10 12:56:22,743] INFO  [46692 - SpringApplicationShutdownHook - {com.zaxxer.hikari.HikariDataSource => close, %PARSER_ERROR[l]}] com.zaxxer.hikari.HikariDataSource : HikariPool-1 - Shutdown initiated...
[2022-11-10 12:56:22,753] INFO  [46692 - SpringApplicationShutdownHook - {com.zaxxer.hikari.HikariDataSource => close, %PARSER_ERROR[l]}] com.zaxxer.hikari.HikariDataSource : HikariPool-1 - Shutdown completed.
[2022-11-10 12:56:28,986] INFO  [29252 - main - {org.springframework.boot.StartupInfoLogger => logStarting, %PARSER_ERROR[l]}] com.service.product.ProductApplication : Starting ProductApplication using Java 11.0.13 on DESKTOP-GK5I9BP with PID 29252 (D:\study\practice\assignment\product\target\classes started by apdh1 in D:\study\practice\assignment\product)
[2022-11-10 12:56:28,990] INFO  [29252 - main - {org.springframework.boot.SpringApplication => logStartupProfileInfo, %PARSER_ERROR[l]}] com.service.product.ProductApplication : No active profile set, falling back to 1 default profile: "default"
[2022-11-10 12:56:29,517] INFO  [29252 - main - {org.springframework.data.repository.config.RepositoryConfigurationDelegate => multipleStoresDetected, %PARSER_ERROR[l]}] org.springframework.data.repository.config.RepositoryConfigurationDelegate : Multiple Spring Data modules found, entering strict repository configuration mode
[2022-11-10 12:56:29,518] INFO  [29252 - main - {org.springframework.data.repository.config.RepositoryConfigurationDelegate => registerRepositoriesIn, %PARSER_ERROR[l]}] org.springframework.data.repository.config.RepositoryConfigurationDelegate : Bootstrapping Spring Data JDBC repositories in DEFAULT mode.
[2022-11-10 12:56:29,539] INFO  [29252 - main - {org.springframework.data.repository.config.RepositoryConfigurationExtensionSupport => isStrictRepositoryCandidate, %PARSER_ERROR[l]}] org.springframework.data.repository.config.RepositoryConfigurationExtensionSupport : Spring Data JDBC - Could not safely identify store assignment for repository candidate interface com.service.product.repository.ProductRepository; If you want this repository to be a JDBC repository, consider annotating your entities with one of these annotations: org.springframework.data.relational.core.mapping.Table.
[2022-11-10 12:56:29,540] INFO  [29252 - main - {org.springframework.data.repository.config.RepositoryConfigurationDelegate => registerRepositoriesIn, %PARSER_ERROR[l]}] org.springframework.data.repository.config.RepositoryConfigurationDelegate : Finished Spring Data repository scanning in 19 ms. Found 0 JDBC repository interfaces.
[2022-11-10 12:56:29,545] INFO  [29252 - main - {org.springframework.data.repository.config.RepositoryConfigurationDelegate => multipleStoresDetected, %PARSER_ERROR[l]}] org.springframework.data.repository.config.RepositoryConfigurationDelegate : Multiple Spring Data modules found, entering strict repository configuration mode
[2022-11-10 12:56:29,546] INFO  [29252 - main - {org.springframework.data.repository.config.RepositoryConfigurationDelegate => registerRepositoriesIn, %PARSER_ERROR[l]}] org.springframework.data.repository.config.RepositoryConfigurationDelegate : Bootstrapping Spring Data JPA repositories in DEFAULT mode.
[2022-11-10 12:56:29,591] INFO  [29252 - main - {org.springframework.data.repository.config.RepositoryConfigurationDelegate => registerRepositoriesIn, %PARSER_ERROR[l]}] org.springframework.data.repository.config.RepositoryConfigurationDelegate : Finished Spring Data repository scanning in 43 ms. Found 1 JPA repository interfaces.
[2022-11-10 12:56:29,601] INFO  [29252 - main - {org.springframework.data.repository.config.RepositoryConfigurationDelegate => multipleStoresDetected, %PARSER_ERROR[l]}] org.springframework.data.repository.config.RepositoryConfigurationDelegate : Multiple Spring Data modules found, entering strict repository configuration mode
[2022-11-10 12:56:29,602] INFO  [29252 - main - {org.springframework.data.repository.config.RepositoryConfigurationDelegate => registerRepositoriesIn, %PARSER_ERROR[l]}] org.springframework.data.repository.config.RepositoryConfigurationDelegate : Bootstrapping Spring Data Redis repositories in DEFAULT mode.
[2022-11-10 12:56:29,612] INFO  [29252 - main - {org.springframework.data.repository.config.RepositoryConfigurationExtensionSupport => isStrictRepositoryCandidate, %PARSER_ERROR[l]}] org.springframework.data.repository.config.RepositoryConfigurationExtensionSupport : Spring Data Redis - Could not safely identify store assignment for repository candidate interface com.service.product.repository.ProductRepository; If you want this repository to be a Redis repository, consider annotating your entities with one of these annotations: org.springframework.data.redis.core.RedisHash (preferred), or consider extending one of the following types with your repository: org.springframework.data.keyvalue.repository.KeyValueRepository
[2022-11-10 12:56:29,612] INFO  [29252 - main - {org.springframework.data.repository.config.RepositoryConfigurationDelegate => registerRepositoriesIn, %PARSER_ERROR[l]}] org.springframework.data.repository.config.RepositoryConfigurationDelegate : Finished Spring Data repository scanning in 4 ms. Found 0 Redis repository interfaces.
[2022-11-10 12:56:29,836] INFO  [29252 - main - {org.springframework.context.support.PostProcessorRegistrationDelegate$BeanPostProcessorChecker => postProcessAfterInitialization, %PARSER_ERROR[l]}] org.springframework.context.support.PostProcessorRegistrationDelegate$BeanPostProcessorChecker : Bean 'org.springframework.ws.config.annotation.DelegatingWsConfiguration' of type [org.springframework.ws.config.annotation.DelegatingWsConfiguration$$EnhancerBySpringCGLIB$$f0f336b7] is not eligible for getting processed by all BeanPostProcessors (for example: not eligible for auto-proxying)
[2022-11-10 12:56:29,871] INFO  [29252 - main - {org.springframework.ws.soap.addressing.server.AbstractAddressingEndpointMapping => afterPropertiesSet, %PARSER_ERROR[l]}] org.springframework.ws.soap.addressing.server.AnnotationActionEndpointMapping : Supporting [WS-Addressing August 2004, WS-Addressing 1.0]
[2022-11-10 12:56:30,127] INFO  [29252 - main - {org.springframework.boot.web.embedded.tomcat.TomcatWebServer => initialize, %PARSER_ERROR[l]}] org.springframework.boot.web.embedded.tomcat.TomcatWebServer : Tomcat initialized with port(s): 9001 (http)
[2022-11-10 12:56:30,134] INFO  [29252 - main - {org.apache.juli.logging.DirectJDKLog => log, %PARSER_ERROR[l]}] org.apache.catalina.core.StandardService : Starting service [Tomcat]
[2022-11-10 12:56:30,135] INFO  [29252 - main - {org.apache.juli.logging.DirectJDKLog => log, %PARSER_ERROR[l]}] org.apache.catalina.core.StandardEngine : Starting Servlet engine: [Apache Tomcat/9.0.68]
[2022-11-10 12:56:30,261] INFO  [29252 - main - {org.apache.juli.logging.DirectJDKLog => log, %PARSER_ERROR[l]}] org.apache.catalina.core.ContainerBase.[Tomcat].[localhost].[/] : Initializing Spring embedded WebApplicationContext
[2022-11-10 12:56:30,262] INFO  [29252 - main - {org.springframework.boot.web.servlet.context.ServletWebServerApplicationContext => prepareWebApplicationContext, %PARSER_ERROR[l]}] org.springframework.boot.web.servlet.context.ServletWebServerApplicationContext : Root WebApplicationContext: initialization completed in 1240 ms
[2022-11-10 12:56:30,373] INFO  [29252 - main - {org.hibernate.jpa.internal.util.LogHelper => logPersistenceUnitInformation, %PARSER_ERROR[l]}] org.hibernate.jpa.internal.util.LogHelper : HHH000204: Processing PersistenceUnitInfo [name: default]
[2022-11-10 12:56:30,404] INFO  [29252 - main - {org.hibernate.Version => logVersion, %PARSER_ERROR[l]}] org.hibernate.Version : HHH000412: Hibernate ORM core version 5.6.12.Final
[2022-11-10 12:56:30,509] INFO  [29252 - main - {org.hibernate.annotations.common.reflection.java.JavaReflectionManager => <clinit>, %PARSER_ERROR[l]}] org.hibernate.annotations.common.Version : HCANN000001: Hibernate Commons Annotations {5.1.2.Final}
[2022-11-10 12:56:30,571] INFO  [29252 - main - {com.zaxxer.hikari.HikariDataSource => getConnection, %PARSER_ERROR[l]}] com.zaxxer.hikari.HikariDataSource : HikariPool-1 - Starting...
[2022-11-10 12:56:30,621] INFO  [29252 - main - {com.zaxxer.hikari.HikariDataSource => getConnection, %PARSER_ERROR[l]}] com.zaxxer.hikari.HikariDataSource : HikariPool-1 - Start completed.
[2022-11-10 12:56:30,632] INFO  [29252 - main - {org.hibernate.dialect.Dialect => <init>, %PARSER_ERROR[l]}] org.hibernate.dialect.Dialect : HHH000400: Using dialect: org.hibernate.dialect.MariaDB103Dialect
[2022-11-10 12:56:31,065] INFO  [29252 - main - {org.hibernate.engine.transaction.jta.platform.internal.JtaPlatformInitiator => initiateService, %PARSER_ERROR[l]}] org.hibernate.engine.transaction.jta.platform.internal.JtaPlatformInitiator : HHH000490: Using JtaPlatform implementation: [org.hibernate.engine.transaction.jta.platform.internal.NoJtaPlatform]
[2022-11-10 12:56:31,071] INFO  [29252 - main - {org.springframework.orm.jpa.AbstractEntityManagerFactoryBean => buildNativeEntityManagerFactory, %PARSER_ERROR[l]}] org.springframework.orm.jpa.LocalContainerEntityManagerFactoryBean : Initialized JPA EntityManagerFactory for persistence unit 'default'
[2022-11-10 12:56:31,214] INFO  [29252 - main - {org.redisson.Version => logVersion, %PARSER_ERROR[l]}] org.redisson.Version : Redisson 3.17.7
[2022-11-10 12:56:35,120] INFO  [29252 - redisson-netty-2-6 - {org.redisson.connection.pool.ConnectionPool => lambda$createConnection$1, %PARSER_ERROR[l]}] org.redisson.connection.pool.MasterPubSubConnectionPool : 1 connections initialized for localhost/127.0.0.1:6379
[2022-11-10 12:56:35,171] INFO  [29252 - redisson-netty-2-20 - {org.redisson.connection.pool.ConnectionPool => lambda$createConnection$1, %PARSER_ERROR[l]}] org.redisson.connection.pool.MasterConnectionPool : 24 connections initialized for localhost/127.0.0.1:6379
[2022-11-10 12:56:35,712] WARN  [29252 - main - {org.springframework.boot.autoconfigure.thymeleaf.ThymeleafAutoConfiguration$DefaultTemplateResolverConfiguration => checkTemplateLocationExists, %PARSER_ERROR[l]}] org.springframework.boot.autoconfigure.thymeleaf.ThymeleafAutoConfiguration$DefaultTemplateResolverConfiguration : Cannot find template location: classpath:/templates/ (please add some templates, check your Thymeleaf configuration, or set spring.thymeleaf.check-template-location=false)
[2022-11-10 12:56:36,072] INFO  [29252 - main - {org.springframework.boot.web.embedded.tomcat.TomcatWebServer => start, %PARSER_ERROR[l]}] org.springframework.boot.web.embedded.tomcat.TomcatWebServer : Tomcat started on port(s): 9001 (http) with context path ''
[2022-11-10 12:56:36,083] INFO  [29252 - main - {org.springframework.boot.StartupInfoLogger => logStarted, %PARSER_ERROR[l]}] com.service.product.ProductApplication : Started ProductApplication in 7.453 seconds (JVM running for 9.625)
[2022-11-10 12:56:44,751] INFO  [29252 - http-nio-9001-exec-2 - {org.apache.juli.logging.DirectJDKLog => log, %PARSER_ERROR[l]}] org.apache.catalina.core.ContainerBase.[Tomcat].[localhost].[/] : Initializing Spring DispatcherServlet 'dispatcherServlet'
[2022-11-10 12:56:44,752] INFO  [29252 - http-nio-9001-exec-2 - {org.springframework.web.servlet.FrameworkServlet => initServletBean, %PARSER_ERROR[l]}] org.springframework.web.servlet.DispatcherServlet : Initializing Servlet 'dispatcherServlet'
[2022-11-10 12:56:44,752] INFO  [29252 - http-nio-9001-exec-2 - {org.springframework.web.servlet.FrameworkServlet => initServletBean, %PARSER_ERROR[l]}] org.springframework.web.servlet.DispatcherServlet : Completed initialization in 0 ms
[2022-11-10 13:21:32,711] ERROR [29252 - http-nio-9001-exec-9 - {com.service.product.error.advice.ExceptionAdvice => exceptionHandler, %PARSER_ERROR[l]}] com.service.product.error.advice.ExceptionAdvice : [order-exceptionHandler] Exception occurred 
[2022-11-10 13:22:49,781] ERROR [29252 - http-nio-9001-exec-10 - {com.service.product.error.advice.ExceptionAdvice => exceptionHandler, %PARSER_ERROR[l]}] com.service.product.error.advice.ExceptionAdvice : [order-exceptionHandler] Exception occurred 
[2022-11-10 13:23:02,999] INFO  [29252 - SpringApplicationShutdownHook - {org.springframework.orm.jpa.AbstractEntityManagerFactoryBean => destroy, %PARSER_ERROR[l]}] org.springframework.orm.jpa.LocalContainerEntityManagerFactoryBean : Closing JPA EntityManagerFactory for persistence unit 'default'
[2022-11-10 13:23:03,000] INFO  [29252 - SpringApplicationShutdownHook - {com.zaxxer.hikari.HikariDataSource => close, %PARSER_ERROR[l]}] com.zaxxer.hikari.HikariDataSource : HikariPool-1 - Shutdown initiated...
[2022-11-10 13:23:03,010] INFO  [29252 - SpringApplicationShutdownHook - {com.zaxxer.hikari.HikariDataSource => close, %PARSER_ERROR[l]}] com.zaxxer.hikari.HikariDataSource : HikariPool-1 - Shutdown completed.
[2022-11-10 13:23:10,151] INFO  [35500 - main - {org.springframework.boot.StartupInfoLogger => logStarting, %PARSER_ERROR[l]}] com.service.product.ProductApplication : Starting ProductApplication using Java 11.0.13 on DESKTOP-GK5I9BP with PID 35500 (D:\study\practice\assignment\product\target\classes started by apdh1 in D:\study\practice\assignment\product)
[2022-11-10 13:23:10,154] INFO  [35500 - main - {org.springframework.boot.SpringApplication => logStartupProfileInfo, %PARSER_ERROR[l]}] com.service.product.ProductApplication : No active profile set, falling back to 1 default profile: "default"
[2022-11-10 13:23:10,710] INFO  [35500 - main - {org.springframework.data.repository.config.RepositoryConfigurationDelegate => multipleStoresDetected, %PARSER_ERROR[l]}] org.springframework.data.repository.config.RepositoryConfigurationDelegate : Multiple Spring Data modules found, entering strict repository configuration mode
[2022-11-10 13:23:10,711] INFO  [35500 - main - {org.springframework.data.repository.config.RepositoryConfigurationDelegate => registerRepositoriesIn, %PARSER_ERROR[l]}] org.springframework.data.repository.config.RepositoryConfigurationDelegate : Bootstrapping Spring Data JDBC repositories in DEFAULT mode.
[2022-11-10 13:23:10,741] INFO  [35500 - main - {org.springframework.data.repository.config.RepositoryConfigurationExtensionSupport => isStrictRepositoryCandidate, %PARSER_ERROR[l]}] org.springframework.data.repository.config.RepositoryConfigurationExtensionSupport : Spring Data JDBC - Could not safely identify store assignment for repository candidate interface com.service.product.repository.ProductRepository; If you want this repository to be a JDBC repository, consider annotating your entities with one of these annotations: org.springframework.data.relational.core.mapping.Table.
[2022-11-10 13:23:10,742] INFO  [35500 - main - {org.springframework.data.repository.config.RepositoryConfigurationDelegate => registerRepositoriesIn, %PARSER_ERROR[l]}] org.springframework.data.repository.config.RepositoryConfigurationDelegate : Finished Spring Data repository scanning in 25 ms. Found 0 JDBC repository interfaces.
[2022-11-10 13:23:10,752] INFO  [35500 - main - {org.springframework.data.repository.config.RepositoryConfigurationDelegate => multipleStoresDetected, %PARSER_ERROR[l]}] org.springframework.data.repository.config.RepositoryConfigurationDelegate : Multiple Spring Data modules found, entering strict repository configuration mode
[2022-11-10 13:23:10,752] INFO  [35500 - main - {org.springframework.data.repository.config.RepositoryConfigurationDelegate => registerRepositoriesIn, %PARSER_ERROR[l]}] org.springframework.data.repository.config.RepositoryConfigurationDelegate : Bootstrapping Spring Data JPA repositories in DEFAULT mode.
[2022-11-10 13:23:10,815] INFO  [35500 - main - {org.springframework.data.repository.config.RepositoryConfigurationDelegate => registerRepositoriesIn, %PARSER_ERROR[l]}] org.springframework.data.repository.config.RepositoryConfigurationDelegate : Finished Spring Data repository scanning in 60 ms. Found 1 JPA repository interfaces.
[2022-11-10 13:23:10,832] INFO  [35500 - main - {org.springframework.data.repository.config.RepositoryConfigurationDelegate => multipleStoresDetected, %PARSER_ERROR[l]}] org.springframework.data.repository.config.RepositoryConfigurationDelegate : Multiple Spring Data modules found, entering strict repository configuration mode
[2022-11-10 13:23:10,835] INFO  [35500 - main - {org.springframework.data.repository.config.RepositoryConfigurationDelegate => registerRepositoriesIn, %PARSER_ERROR[l]}] org.springframework.data.repository.config.RepositoryConfigurationDelegate : Bootstrapping Spring Data Redis repositories in DEFAULT mode.
[2022-11-10 13:23:10,850] INFO  [35500 - main - {org.springframework.data.repository.config.RepositoryConfigurationExtensionSupport => isStrictRepositoryCandidate, %PARSER_ERROR[l]}] org.springframework.data.repository.config.RepositoryConfigurationExtensionSupport : Spring Data Redis - Could not safely identify store assignment for repository candidate interface com.service.product.repository.ProductRepository; If you want this repository to be a Redis repository, consider annotating your entities with one of these annotations: org.springframework.data.redis.core.RedisHash (preferred), or consider extending one of the following types with your repository: org.springframework.data.keyvalue.repository.KeyValueRepository
[2022-11-10 13:23:10,851] INFO  [35500 - main - {org.springframework.data.repository.config.RepositoryConfigurationDelegate => registerRepositoriesIn, %PARSER_ERROR[l]}] org.springframework.data.repository.config.RepositoryConfigurationDelegate : Finished Spring Data repository scanning in 7 ms. Found 0 Redis repository interfaces.
[2022-11-10 13:23:11,162] INFO  [35500 - main - {org.springframework.context.support.PostProcessorRegistrationDelegate$BeanPostProcessorChecker => postProcessAfterInitialization, %PARSER_ERROR[l]}] org.springframework.context.support.PostProcessorRegistrationDelegate$BeanPostProcessorChecker : Bean 'org.springframework.ws.config.annotation.DelegatingWsConfiguration' of type [org.springframework.ws.config.annotation.DelegatingWsConfiguration$$EnhancerBySpringCGLIB$$6b3309da] is not eligible for getting processed by all BeanPostProcessors (for example: not eligible for auto-proxying)
[2022-11-10 13:23:11,207] INFO  [35500 - main - {org.springframework.ws.soap.addressing.server.AbstractAddressingEndpointMapping => afterPropertiesSet, %PARSER_ERROR[l]}] org.springframework.ws.soap.addressing.server.AnnotationActionEndpointMapping : Supporting [WS-Addressing August 2004, WS-Addressing 1.0]
[2022-11-10 13:23:11,493] INFO  [35500 - main - {org.springframework.boot.web.embedded.tomcat.TomcatWebServer => initialize, %PARSER_ERROR[l]}] org.springframework.boot.web.embedded.tomcat.TomcatWebServer : Tomcat initialized with port(s): 9001 (http)
[2022-11-10 13:23:11,503] INFO  [35500 - main - {org.apache.juli.logging.DirectJDKLog => log, %PARSER_ERROR[l]}] org.apache.catalina.core.StandardService : Starting service [Tomcat]
[2022-11-10 13:23:11,504] INFO  [35500 - main - {org.apache.juli.logging.DirectJDKLog => log, %PARSER_ERROR[l]}] org.apache.catalina.core.StandardEngine : Starting Servlet engine: [Apache Tomcat/9.0.68]
[2022-11-10 13:23:11,652] INFO  [35500 - main - {org.apache.juli.logging.DirectJDKLog => log, %PARSER_ERROR[l]}] org.apache.catalina.core.ContainerBase.[Tomcat].[localhost].[/] : Initializing Spring embedded WebApplicationContext
[2022-11-10 13:23:11,652] INFO  [35500 - main - {org.springframework.boot.web.servlet.context.ServletWebServerApplicationContext => prepareWebApplicationContext, %PARSER_ERROR[l]}] org.springframework.boot.web.servlet.context.ServletWebServerApplicationContext : Root WebApplicationContext: initialization completed in 1464 ms
[2022-11-10 13:23:11,777] INFO  [35500 - main - {org.hibernate.jpa.internal.util.LogHelper => logPersistenceUnitInformation, %PARSER_ERROR[l]}] org.hibernate.jpa.internal.util.LogHelper : HHH000204: Processing PersistenceUnitInfo [name: default]
[2022-11-10 13:23:11,808] INFO  [35500 - main - {org.hibernate.Version => logVersion, %PARSER_ERROR[l]}] org.hibernate.Version : HHH000412: Hibernate ORM core version 5.6.12.Final
[2022-11-10 13:23:11,918] INFO  [35500 - main - {org.hibernate.annotations.common.reflection.java.JavaReflectionManager => <clinit>, %PARSER_ERROR[l]}] org.hibernate.annotations.common.Version : HCANN000001: Hibernate Commons Annotations {5.1.2.Final}
[2022-11-10 13:23:11,989] INFO  [35500 - main - {com.zaxxer.hikari.HikariDataSource => getConnection, %PARSER_ERROR[l]}] com.zaxxer.hikari.HikariDataSource : HikariPool-1 - Starting...
[2022-11-10 13:23:12,097] INFO  [35500 - main - {com.zaxxer.hikari.HikariDataSource => getConnection, %PARSER_ERROR[l]}] com.zaxxer.hikari.HikariDataSource : HikariPool-1 - Start completed.
[2022-11-10 13:23:12,117] INFO  [35500 - main - {org.hibernate.dialect.Dialect => <init>, %PARSER_ERROR[l]}] org.hibernate.dialect.Dialect : HHH000400: Using dialect: org.hibernate.dialect.MariaDB103Dialect
[2022-11-10 13:23:12,725] INFO  [35500 - main - {org.hibernate.engine.transaction.jta.platform.internal.JtaPlatformInitiator => initiateService, %PARSER_ERROR[l]}] org.hibernate.engine.transaction.jta.platform.internal.JtaPlatformInitiator : HHH000490: Using JtaPlatform implementation: [org.hibernate.engine.transaction.jta.platform.internal.NoJtaPlatform]
[2022-11-10 13:23:12,732] INFO  [35500 - main - {org.springframework.orm.jpa.AbstractEntityManagerFactoryBean => buildNativeEntityManagerFactory, %PARSER_ERROR[l]}] org.springframework.orm.jpa.LocalContainerEntityManagerFactoryBean : Initialized JPA EntityManagerFactory for persistence unit 'default'
[2022-11-10 13:23:12,902] INFO  [35500 - main - {org.redisson.Version => logVersion, %PARSER_ERROR[l]}] org.redisson.Version : Redisson 3.17.7
[2022-11-10 13:23:17,890] INFO  [35500 - redisson-netty-2-7 - {org.redisson.connection.pool.ConnectionPool => lambda$createConnection$1, %PARSER_ERROR[l]}] org.redisson.connection.pool.MasterPubSubConnectionPool : 1 connections initialized for localhost/127.0.0.1:6379
[2022-11-10 13:23:17,967] INFO  [35500 - redisson-netty-2-20 - {org.redisson.connection.pool.ConnectionPool => lambda$createConnection$1, %PARSER_ERROR[l]}] org.redisson.connection.pool.MasterConnectionPool : 24 connections initialized for localhost/127.0.0.1:6379
[2022-11-10 13:23:18,930] WARN  [35500 - main - {org.springframework.boot.autoconfigure.thymeleaf.ThymeleafAutoConfiguration$DefaultTemplateResolverConfiguration => checkTemplateLocationExists, %PARSER_ERROR[l]}] org.springframework.boot.autoconfigure.thymeleaf.ThymeleafAutoConfiguration$DefaultTemplateResolverConfiguration : Cannot find template location: classpath:/templates/ (please add some templates, check your Thymeleaf configuration, or set spring.thymeleaf.check-template-location=false)
[2022-11-10 13:23:19,404] INFO  [35500 - main - {org.springframework.boot.web.embedded.tomcat.TomcatWebServer => start, %PARSER_ERROR[l]}] org.springframework.boot.web.embedded.tomcat.TomcatWebServer : Tomcat started on port(s): 9001 (http) with context path ''
[2022-11-10 13:23:19,416] INFO  [35500 - main - {org.springframework.boot.StartupInfoLogger => logStarted, %PARSER_ERROR[l]}] com.service.product.ProductApplication : Started ProductApplication in 9.641 seconds (JVM running for 12.15)
[2022-11-10 13:23:22,166] INFO  [35500 - http-nio-9001-exec-1 - {org.apache.juli.logging.DirectJDKLog => log, %PARSER_ERROR[l]}] org.apache.catalina.core.ContainerBase.[Tomcat].[localhost].[/] : Initializing Spring DispatcherServlet 'dispatcherServlet'
[2022-11-10 13:23:22,167] INFO  [35500 - http-nio-9001-exec-1 - {org.springframework.web.servlet.FrameworkServlet => initServletBean, %PARSER_ERROR[l]}] org.springframework.web.servlet.DispatcherServlet : Initializing Servlet 'dispatcherServlet'
[2022-11-10 13:23:22,168] INFO  [35500 - http-nio-9001-exec-1 - {org.springframework.web.servlet.FrameworkServlet => initServletBean, %PARSER_ERROR[l]}] org.springframework.web.servlet.DispatcherServlet : Completed initialization in 1 ms
[2022-11-10 13:25:08,674] ERROR [35500 - http-nio-9001-exec-1 - {com.service.product.error.advice.ExceptionAdvice => exceptionHandler, %PARSER_ERROR[l]}] com.service.product.error.advice.ExceptionAdvice : [order-exceptionHandler] Exception occurred 
[2022-11-10 13:25:28,798] ERROR [35500 - http-nio-9001-exec-2 - {com.service.product.error.advice.ExceptionAdvice => exceptionHandler, %PARSER_ERROR[l]}] com.service.product.error.advice.ExceptionAdvice : [order-exceptionHandler] Exception occurred 
[2022-11-10 13:27:31,676] INFO  [35500 - SpringApplicationShutdownHook - {org.springframework.orm.jpa.AbstractEntityManagerFactoryBean => destroy, %PARSER_ERROR[l]}] org.springframework.orm.jpa.LocalContainerEntityManagerFactoryBean : Closing JPA EntityManagerFactory for persistence unit 'default'
[2022-11-10 13:27:31,678] INFO  [35500 - SpringApplicationShutdownHook - {com.zaxxer.hikari.HikariDataSource => close, %PARSER_ERROR[l]}] com.zaxxer.hikari.HikariDataSource : HikariPool-1 - Shutdown initiated...
[2022-11-10 13:27:31,689] INFO  [35500 - SpringApplicationShutdownHook - {com.zaxxer.hikari.HikariDataSource => close, %PARSER_ERROR[l]}] com.zaxxer.hikari.HikariDataSource : HikariPool-1 - Shutdown completed.
[2022-11-10 13:27:39,281] INFO  [43356 - main - {org.springframework.boot.StartupInfoLogger => logStarting, %PARSER_ERROR[l]}] com.service.product.ProductApplication : Starting ProductApplication using Java 11.0.13 on DESKTOP-GK5I9BP with PID 43356 (D:\study\practice\assignment\product\target\classes started by apdh1 in D:\study\practice\assignment\product)
[2022-11-10 13:27:39,285] INFO  [43356 - main - {org.springframework.boot.SpringApplication => logStartupProfileInfo, %PARSER_ERROR[l]}] com.service.product.ProductApplication : No active profile set, falling back to 1 default profile: "default"
[2022-11-10 13:27:39,988] INFO  [43356 - main - {org.springframework.data.repository.config.RepositoryConfigurationDelegate => multipleStoresDetected, %PARSER_ERROR[l]}] org.springframework.data.repository.config.RepositoryConfigurationDelegate : Multiple Spring Data modules found, entering strict repository configuration mode
[2022-11-10 13:27:39,988] INFO  [43356 - main - {org.springframework.data.repository.config.RepositoryConfigurationDelegate => registerRepositoriesIn, %PARSER_ERROR[l]}] org.springframework.data.repository.config.RepositoryConfigurationDelegate : Bootstrapping Spring Data JDBC repositories in DEFAULT mode.
[2022-11-10 13:27:40,012] INFO  [43356 - main - {org.springframework.data.repository.config.RepositoryConfigurationExtensionSupport => isStrictRepositoryCandidate, %PARSER_ERROR[l]}] org.springframework.data.repository.config.RepositoryConfigurationExtensionSupport : Spring Data JDBC - Could not safely identify store assignment for repository candidate interface com.service.product.repository.ProductRepository; If you want this repository to be a JDBC repository, consider annotating your entities with one of these annotations: org.springframework.data.relational.core.mapping.Table.
[2022-11-10 13:27:40,013] INFO  [43356 - main - {org.springframework.data.repository.config.RepositoryConfigurationDelegate => registerRepositoriesIn, %PARSER_ERROR[l]}] org.springframework.data.repository.config.RepositoryConfigurationDelegate : Finished Spring Data repository scanning in 21 ms. Found 0 JDBC repository interfaces.
[2022-11-10 13:27:40,020] INFO  [43356 - main - {org.springframework.data.repository.config.RepositoryConfigurationDelegate => multipleStoresDetected, %PARSER_ERROR[l]}] org.springframework.data.repository.config.RepositoryConfigurationDelegate : Multiple Spring Data modules found, entering strict repository configuration mode
[2022-11-10 13:27:40,020] INFO  [43356 - main - {org.springframework.data.repository.config.RepositoryConfigurationDelegate => registerRepositoriesIn, %PARSER_ERROR[l]}] org.springframework.data.repository.config.RepositoryConfigurationDelegate : Bootstrapping Spring Data JPA repositories in DEFAULT mode.
[2022-11-10 13:27:40,071] INFO  [43356 - main - {org.springframework.data.repository.config.RepositoryConfigurationDelegate => registerRepositoriesIn, %PARSER_ERROR[l]}] org.springframework.data.repository.config.RepositoryConfigurationDelegate : Finished Spring Data repository scanning in 48 ms. Found 1 JPA repository interfaces.
[2022-11-10 13:27:40,083] INFO  [43356 - main - {org.springframework.data.repository.config.RepositoryConfigurationDelegate => multipleStoresDetected, %PARSER_ERROR[l]}] org.springframework.data.repository.config.RepositoryConfigurationDelegate : Multiple Spring Data modules found, entering strict repository configuration mode
[2022-11-10 13:27:40,084] INFO  [43356 - main - {org.springframework.data.repository.config.RepositoryConfigurationDelegate => registerRepositoriesIn, %PARSER_ERROR[l]}] org.springframework.data.repository.config.RepositoryConfigurationDelegate : Bootstrapping Spring Data Redis repositories in DEFAULT mode.
[2022-11-10 13:27:40,095] INFO  [43356 - main - {org.springframework.data.repository.config.RepositoryConfigurationExtensionSupport => isStrictRepositoryCandidate, %PARSER_ERROR[l]}] org.springframework.data.repository.config.RepositoryConfigurationExtensionSupport : Spring Data Redis - Could not safely identify store assignment for repository candidate interface com.service.product.repository.ProductRepository; If you want this repository to be a Redis repository, consider annotating your entities with one of these annotations: org.springframework.data.redis.core.RedisHash (preferred), or consider extending one of the following types with your repository: org.springframework.data.keyvalue.repository.KeyValueRepository
[2022-11-10 13:27:40,095] INFO  [43356 - main - {org.springframework.data.repository.config.RepositoryConfigurationDelegate => registerRepositoriesIn, %PARSER_ERROR[l]}] org.springframework.data.repository.config.RepositoryConfigurationDelegate : Finished Spring Data repository scanning in 4 ms. Found 0 Redis repository interfaces.
[2022-11-10 13:27:40,341] INFO  [43356 - main - {org.springframework.context.support.PostProcessorRegistrationDelegate$BeanPostProcessorChecker => postProcessAfterInitialization, %PARSER_ERROR[l]}] org.springframework.context.support.PostProcessorRegistrationDelegate$BeanPostProcessorChecker : Bean 'org.springframework.ws.config.annotation.DelegatingWsConfiguration' of type [org.springframework.ws.config.annotation.DelegatingWsConfiguration$$EnhancerBySpringCGLIB$$1dd6ec2b] is not eligible for getting processed by all BeanPostProcessors (for example: not eligible for auto-proxying)
[2022-11-10 13:27:40,376] INFO  [43356 - main - {org.springframework.ws.soap.addressing.server.AbstractAddressingEndpointMapping => afterPropertiesSet, %PARSER_ERROR[l]}] org.springframework.ws.soap.addressing.server.AnnotationActionEndpointMapping : Supporting [WS-Addressing August 2004, WS-Addressing 1.0]
[2022-11-10 13:27:40,614] INFO  [43356 - main - {org.springframework.boot.web.embedded.tomcat.TomcatWebServer => initialize, %PARSER_ERROR[l]}] org.springframework.boot.web.embedded.tomcat.TomcatWebServer : Tomcat initialized with port(s): 9001 (http)
[2022-11-10 13:27:40,620] INFO  [43356 - main - {org.apache.juli.logging.DirectJDKLog => log, %PARSER_ERROR[l]}] org.apache.catalina.core.StandardService : Starting service [Tomcat]
[2022-11-10 13:27:40,621] INFO  [43356 - main - {org.apache.juli.logging.DirectJDKLog => log, %PARSER_ERROR[l]}] org.apache.catalina.core.StandardEngine : Starting Servlet engine: [Apache Tomcat/9.0.68]
[2022-11-10 13:27:40,756] INFO  [43356 - main - {org.apache.juli.logging.DirectJDKLog => log, %PARSER_ERROR[l]}] org.apache.catalina.core.ContainerBase.[Tomcat].[localhost].[/] : Initializing Spring embedded WebApplicationContext
[2022-11-10 13:27:40,756] INFO  [43356 - main - {org.springframework.boot.web.servlet.context.ServletWebServerApplicationContext => prepareWebApplicationContext, %PARSER_ERROR[l]}] org.springframework.boot.web.servlet.context.ServletWebServerApplicationContext : Root WebApplicationContext: initialization completed in 1435 ms
[2022-11-10 13:27:40,870] INFO  [43356 - main - {org.hibernate.jpa.internal.util.LogHelper => logPersistenceUnitInformation, %PARSER_ERROR[l]}] org.hibernate.jpa.internal.util.LogHelper : HHH000204: Processing PersistenceUnitInfo [name: default]
[2022-11-10 13:27:40,906] INFO  [43356 - main - {org.hibernate.Version => logVersion, %PARSER_ERROR[l]}] org.hibernate.Version : HHH000412: Hibernate ORM core version 5.6.12.Final
[2022-11-10 13:27:41,002] INFO  [43356 - main - {org.hibernate.annotations.common.reflection.java.JavaReflectionManager => <clinit>, %PARSER_ERROR[l]}] org.hibernate.annotations.common.Version : HCANN000001: Hibernate Commons Annotations {5.1.2.Final}
[2022-11-10 13:27:41,059] INFO  [43356 - main - {com.zaxxer.hikari.HikariDataSource => getConnection, %PARSER_ERROR[l]}] com.zaxxer.hikari.HikariDataSource : HikariPool-1 - Starting...
[2022-11-10 13:27:41,110] INFO  [43356 - main - {com.zaxxer.hikari.HikariDataSource => getConnection, %PARSER_ERROR[l]}] com.zaxxer.hikari.HikariDataSource : HikariPool-1 - Start completed.
[2022-11-10 13:27:41,119] INFO  [43356 - main - {org.hibernate.dialect.Dialect => <init>, %PARSER_ERROR[l]}] org.hibernate.dialect.Dialect : HHH000400: Using dialect: org.hibernate.dialect.MariaDB103Dialect
[2022-11-10 13:27:41,520] INFO  [43356 - main - {org.hibernate.engine.transaction.jta.platform.internal.JtaPlatformInitiator => initiateService, %PARSER_ERROR[l]}] org.hibernate.engine.transaction.jta.platform.internal.JtaPlatformInitiator : HHH000490: Using JtaPlatform implementation: [org.hibernate.engine.transaction.jta.platform.internal.NoJtaPlatform]
[2022-11-10 13:27:41,526] INFO  [43356 - main - {org.springframework.orm.jpa.AbstractEntityManagerFactoryBean => buildNativeEntityManagerFactory, %PARSER_ERROR[l]}] org.springframework.orm.jpa.LocalContainerEntityManagerFactoryBean : Initialized JPA EntityManagerFactory for persistence unit 'default'
[2022-11-10 13:27:41,674] INFO  [43356 - main - {org.redisson.Version => logVersion, %PARSER_ERROR[l]}] org.redisson.Version : Redisson 3.17.7
[2022-11-10 13:27:45,442] INFO  [43356 - redisson-netty-2-6 - {org.redisson.connection.pool.ConnectionPool => lambda$createConnection$1, %PARSER_ERROR[l]}] org.redisson.connection.pool.MasterPubSubConnectionPool : 1 connections initialized for localhost/127.0.0.1:6379
[2022-11-10 13:27:45,492] INFO  [43356 - redisson-netty-2-20 - {org.redisson.connection.pool.ConnectionPool => lambda$createConnection$1, %PARSER_ERROR[l]}] org.redisson.connection.pool.MasterConnectionPool : 24 connections initialized for localhost/127.0.0.1:6379
[2022-11-10 13:27:46,035] WARN  [43356 - main - {org.springframework.boot.autoconfigure.thymeleaf.ThymeleafAutoConfiguration$DefaultTemplateResolverConfiguration => checkTemplateLocationExists, %PARSER_ERROR[l]}] org.springframework.boot.autoconfigure.thymeleaf.ThymeleafAutoConfiguration$DefaultTemplateResolverConfiguration : Cannot find template location: classpath:/templates/ (please add some templates, check your Thymeleaf configuration, or set spring.thymeleaf.check-template-location=false)
[2022-11-10 13:27:46,398] INFO  [43356 - main - {org.springframework.boot.web.embedded.tomcat.TomcatWebServer => start, %PARSER_ERROR[l]}] org.springframework.boot.web.embedded.tomcat.TomcatWebServer : Tomcat started on port(s): 9001 (http) with context path ''
[2022-11-10 13:27:46,407] INFO  [43356 - main - {org.springframework.boot.StartupInfoLogger => logStarted, %PARSER_ERROR[l]}] com.service.product.ProductApplication : Started ProductApplication in 7.624 seconds (JVM running for 10.644)
[2022-11-10 13:29:25,641] INFO  [43356 - http-nio-9001-exec-1 - {org.apache.juli.logging.DirectJDKLog => log, %PARSER_ERROR[l]}] org.apache.catalina.core.ContainerBase.[Tomcat].[localhost].[/] : Initializing Spring DispatcherServlet 'dispatcherServlet'
[2022-11-10 13:29:25,642] INFO  [43356 - http-nio-9001-exec-1 - {org.springframework.web.servlet.FrameworkServlet => initServletBean, %PARSER_ERROR[l]}] org.springframework.web.servlet.DispatcherServlet : Initializing Servlet 'dispatcherServlet'
[2022-11-10 13:29:25,643] INFO  [43356 - http-nio-9001-exec-1 - {org.springframework.web.servlet.FrameworkServlet => initServletBean, %PARSER_ERROR[l]}] org.springframework.web.servlet.DispatcherServlet : Completed initialization in 1 ms
